Determining if the pthread_create exist failed with the following output:
Change Dir: /home/mihaimusat/Desktop/halite/environment/CMakeFiles/CMakeTmp

Run Build Command:"/usr/bin/make" "cmTC_31e05/fast"
/usr/bin/make -f CMakeFiles/cmTC_31e05.dir/build.make CMakeFiles/cmTC_31e05.dir/build
make[1]: Entering directory '/home/mihaimusat/Desktop/halite/environment/CMakeFiles/CMakeTmp'
Building C object CMakeFiles/cmTC_31e05.dir/CheckSymbolExists.c.o
/usr/bin/cc   -std=c99 -Wall -Wextra -Wundef -Wshadow -Wcast-align -Wcast-qual -Wstrict-prototypes    -o CMakeFiles/cmTC_31e05.dir/CheckSymbolExists.c.o   -c /home/mihaimusat/Desktop/halite/environment/CMakeFiles/CMakeTmp/CheckSymbolExists.c
Linking C executable cmTC_31e05
/usr/bin/cmake -E cmake_link_script CMakeFiles/cmTC_31e05.dir/link.txt --verbose=1
/usr/bin/cc  -std=c99 -Wall -Wextra -Wundef -Wshadow -Wcast-align -Wcast-qual -Wstrict-prototypes     -rdynamic CMakeFiles/cmTC_31e05.dir/CheckSymbolExists.c.o  -o cmTC_31e05 
CMakeFiles/cmTC_31e05.dir/CheckSymbolExists.c.o: In function `main':
CheckSymbolExists.c:(.text+0x1b): undefined reference to `pthread_create'
collect2: error: ld returned 1 exit status
CMakeFiles/cmTC_31e05.dir/build.make:97: recipe for target 'cmTC_31e05' failed
make[1]: *** [cmTC_31e05] Error 1
make[1]: Leaving directory '/home/mihaimusat/Desktop/halite/environment/CMakeFiles/CMakeTmp'
Makefile:126: recipe for target 'cmTC_31e05/fast' failed
make: *** [cmTC_31e05/fast] Error 2

File /home/mihaimusat/Desktop/halite/environment/CMakeFiles/CMakeTmp/CheckSymbolExists.c:
/* */
#include <pthread.h>

int main(int argc, char** argv)
{
  (void)argv;
#ifndef pthread_create
  return ((int*)(&pthread_create))[argc];
#else
  (void)argc;
  return 0;
#endif
}

